<?xml version="1.0" encoding="UTF-8"?>
<!-- Generated by org.testng.reporters.JUnitXMLReporter -->
<testsuite ignored="0" hostname="WS1180" failures="0" tests="6" name="Test" time="0.062" errors="0" timestamp="2020-05-19T10:15:13 PDT">
  <testcase classname="tngTests.TestNG3" name="c" time="0.009"/>
  <testcase classname="tngTests.TestNG3" name="d" time="0.002"/>
  <testcase classname="tngTests.TestNG3" name="e" time="0.001"/>
  <testcase classname="tngTests.TestNG3" name="b" time="0.002"/>
  <testcase classname="tngTests.TestNG3" name="a" time="0.001"/>
  <testcase classname="tngTests.TestNG3" name="f" time="0.002"/>
</testsuite> <!-- Test -->
